Using pre-set license
Pro License: NO

 COMMAND LINE ARGUMENTS:
/Applications/Unity/Hub/Editor/2021.1.12f1/Unity.app/Contents/MacOS/Unity
-adb2
-batchMode
-noUpm
-name
AssetImportWorker0
-projectPath
/Users/juangabriel/Developer/Projects/Unity/Cursos Udemy/cursos-unity-2021/Mi Primer Proyecto
-logFile
Logs/AssetImportWorker0.log
-srvPort
61587
Successfully changed project path to: /Users/juangabriel/Developer/Projects/Unity/Cursos Udemy/cursos-unity-2021/Mi Primer Proyecto
/Users/juangabriel/Developer/Projects/Unity/Cursos Udemy/cursos-unity-2021/Mi Primer Proyecto
Using Asset Import Pipeline V2.
Refreshing native plugins compatible for Editor in 120.91 ms, found 2 plugins.
Preloading 0 native plugins for Editor in 0.00 ms.
Initialize engine version: 2021.1.12f1 (afcadd793de6)
[Subsystems] Discovering subsystems at path /Applications/Unity/Hub/Editor/2021.1.12f1/Unity.app/Contents/Resources/UnitySubsystems
[Subsystems] Discovering subsystems at path /Users/juangabriel/Developer/Projects/Unity/Cursos Udemy/cursos-unity-2021/Mi Primer Proyecto/Assets
GfxDevice: creating device client; threaded=0; jobified=0
2021-06-29 09:02:01.984 Unity[95552:7226633] NP-M403H preferred device: AMD Radeon Pro 560X (high power)
2021-06-29 09:02:01.984 Unity[95552:7226633] Metal devices available: 2
2021-06-29 09:02:01.984 Unity[95552:7226633] 0: AMD Radeon Pro 560X (high power)
2021-06-29 09:02:01.984 Unity[95552:7226633] 1: Intel(R) UHD Graphics 630 (low power)
2021-06-29 09:02:01.984 Unity[95552:7226633] Forcing user selected device: AMD Radeon Pro 560X (high power)
Initializing Metal device caps: AMD Radeon Pro 560X
Initialize mono
Mono path[0] = '/Applications/Unity/Hub/Editor/2021.1.12f1/Unity.app/Contents/Managed'
Mono path[1] = '/Applications/Unity/Hub/Editor/2021.1.12f1/Unity.app/Contents/MonoBleedingEdge/lib/mono/unityjit'
Mono config path = '/Applications/Unity/Hub/Editor/2021.1.12f1/Unity.app/Contents/MonoBleedingEdge/etc'
Using monoOptions --debugger-agent=transport=dt_socket,embedding=1,server=y,suspend=n,address=127.0.0.1:56552
Begin MonoManager ReloadAssembly
Registering precompiled unity dll's ...
Register platform support module: /Applications/Unity/Hub/Editor/2021.1.12f1/Unity.app/Contents/PlaybackEngines/MacStandaloneSupport/UnityEditor.OSXStandalone.Extensions.dll
Registered in 0.000566 seconds.
Native extension for OSXStandalone target not found
Refreshing native plugins compatible for Editor in 81.30 ms, found 2 plugins.
Preloading 0 native plugins for Editor in 0.00 ms.
Mono: successfully reloaded assembly
- Completed reload, in  2.944 seconds
Domain Reload Profiling:
	ReloadAssembly (2944ms)
		BeginReloadAssembly (71ms)
			ExecutionOrderSort (0ms)
			DisableScriptedObjects (0ms)
			BackupInstance (0ms)
			ReleaseScriptingObjects (0ms)
			CreateAndSetChildDomain (1ms)
		EndReloadAssembly (611ms)
			LoadAssemblies (70ms)
			RebuildTransferFunctionScriptingTraits (0ms)
			SetupTypeCache (241ms)
			ReleaseScriptCaches (0ms)
			RebuildScriptCaches (45ms)
			SetupLoadedEditorAssemblies (274ms)
				LogAssemblyErrors (0ms)
				InitializePlatformSupportModulesInManaged (9ms)
				SetLoadedEditorAssemblies (0ms)
				RefreshPlugins (81ms)
				BeforeProcessingInitializeOnLoad (1ms)
				ProcessInitializeOnLoadAttributes (141ms)
				ProcessInitializeOnLoadMethodAttributes (41ms)
				AfterProcessingInitializeOnLoad (0ms)
				EditorAssembliesLoaded (0ms)
			ExecutionOrderSort2 (0ms)
			AwakeInstancesAfterBackupRestoration (0ms)
Platform modules already initialized, skipping
Registering precompiled user dll's ...
Registered in 0.004602 seconds.
Begin MonoManager ReloadAssembly
Symbol file LoadedFromMemory doesn't match image /Users/juangabriel/Developer/Projects/Unity/Cursos Udemy/cursos-unity-2021/Mi Primer Proyecto/Library/PackageCache/com.unity.visualscripting@1.6.1/Editor/VisualScripting.Core/Dependencies/YamlDotNet/Unity.VisualScripting.YamlDotNet.dll
Symbol file LoadedFromMemory doesn't match image /Users/juangabriel/Developer/Projects/Unity/Cursos Udemy/cursos-unity-2021/Mi Primer Proyecto/Library/PackageCache/com.unity.visualscripting@1.6.1/Editor/VisualScripting.Core/Dependencies/DotNetZip/Unity.VisualScripting.IonicZip.dll
Native extension for OSXStandalone target not found
Refreshing native plugins compatible for Editor in 0.53 ms, found 2 plugins.
Preloading 0 native plugins for Editor in 0.00 ms.
Mono: successfully reloaded assembly
- Completed reload, in  1.636 seconds
Domain Reload Profiling:
	ReloadAssembly (1637ms)
		BeginReloadAssembly (221ms)
			ExecutionOrderSort (0ms)
			DisableScriptedObjects (7ms)
			BackupInstance (0ms)
			ReleaseScriptingObjects (0ms)
			CreateAndSetChildDomain (44ms)
		EndReloadAssembly (1335ms)
			LoadAssemblies (122ms)
			RebuildTransferFunctionScriptingTraits (0ms)
			SetupTypeCache (564ms)
			ReleaseScriptCaches (1ms)
			RebuildScriptCaches (77ms)
			SetupLoadedEditorAssemblies (428ms)
				LogAssemblyErrors (0ms)
				InitializePlatformSupportModulesInManaged (7ms)
				SetLoadedEditorAssemblies (1ms)
				RefreshPlugins (1ms)
				BeforeProcessingInitializeOnLoad (78ms)
				ProcessInitializeOnLoadAttributes (332ms)
				ProcessInitializeOnLoadMethodAttributes (8ms)
				AfterProcessingInitializeOnLoad (2ms)
				EditorAssembliesLoaded (0ms)
			ExecutionOrderSort2 (0ms)
			AwakeInstancesAfterBackupRestoration (9ms)
Platform modules already initialized, skipping
========================================================================
Worker process is ready to serve import requests
Launching external process: /Applications/Unity/Hub/Editor/2021.1.12f1/Unity.app/Contents/Tools/UnityShaderCompiler
Launched and connected shader compiler UnityShaderCompiler after 0.02 seconds
Refreshing native plugins compatible for Editor in 0.62 ms, found 2 plugins.
Preloading 0 native plugins for Editor in 0.00 ms.
Unloading 2942 Unused Serialized files (Serialized files now loaded: 0)
System memory in use before: 193.0 MB.
System memory in use after: 193.2 MB.

Unloading 23 unused Assets to reduce memory usage. Loaded Objects now: 3386.
Total: 2.765138 ms (FindLiveObjects: 0.259235 ms CreateObjectMapping: 0.125281 ms MarkObjects: 2.300821 ms  DeleteObjects: 0.078837 ms)

AssetImportParameters requested are different than current active one (requested -> active):
  custom:video-decoder-ogg-theora: a1e56fd34408186e4bbccfd4996cb3dc -> 
  custom:container-muxer-webm: aa71ff27fc2769a1b78a27578f13a17b -> 
  custom:container-demuxer-webm: 4f35f7cbe854078d1ac9338744f61a02 -> 
  custom:container-demuxer-ogg: 62fdf1f143b41e24485cea50d1cbac27 -> 
  custom:video-encoder-webm-vp8: eb34c28f22e8b96e1ab97ce403110664 -> 
  custom:framework-osx-AVFoundation: e770b220cccbd017edd2c1fefb359320 -> 
  custom:video-decoder-webm-vp8: 9c59270c3fd7afecdb556c50c9e8de78 -> 
  custom:audio-decoder-ogg-vorbis: bf7c407c2cedff20999df2af8eb42d56 -> 
  custom:audio-encoder-webm-vorbis: bf7c407c2cedff20999df2af8eb42d56 -> 
========================================================================
Received Import Request.
  path: Assets/Primer Material.mat
  artifactKey: Guid(4fc0570a6769c48318e90548e1607199) Importer(815301076,1909f56bfc062723c751e8b465ee728b)
Start importing Assets/Primer Material.mat using Guid(4fc0570a6769c48318e90548e1607199) Importer(815301076,1909f56bfc062723c751e8b465ee728b)  -> (artifact id: 'f2459ae6dbf140b8b118ae421374d081') in 1.504248 seconds 
========================================================================
Received Import Request.
  Time since last request: 46.479888 seconds.
  path: Assets/House.prefab
  artifactKey: Guid(32ac464fe01474c289fa74654d638a70) Importer(815301076,1909f56bfc062723c751e8b465ee728b)
Start importing Assets/House.prefab using Guid(32ac464fe01474c289fa74654d638a70) Importer(815301076,1909f56bfc062723c751e8b465ee728b)  -> (artifact id: '74d4a4f6949c3c2eb61c1c6fc17d91f3') in 0.378915 seconds 
AssetImportWorkerClient::OnTransportError - code=2 error=End of file
