Using pre-set license
Pro License: NO

 COMMAND LINE ARGUMENTS:
/Applications/Unity/Hub/Editor/2021.1.12f1/Unity.app/Contents/MacOS/Unity
-adb2
-batchMode
-noUpm
-name
AssetImportWorker0
-projectPath
/Users/juangabriel/Developer/Projects/Unity/Cursos Udemy/cursos-unity-2021/Mi Primer Proyecto
-logFile
Logs/AssetImportWorker0.log
-srvPort
52056
Successfully changed project path to: /Users/juangabriel/Developer/Projects/Unity/Cursos Udemy/cursos-unity-2021/Mi Primer Proyecto
/Users/juangabriel/Developer/Projects/Unity/Cursos Udemy/cursos-unity-2021/Mi Primer Proyecto
Using Asset Import Pipeline V2.
Refreshing native plugins compatible for Editor in 96.28 ms, found 2 plugins.
Preloading 0 native plugins for Editor in 0.00 ms.
Initialize engine version: 2021.1.12f1 (afcadd793de6)
[Subsystems] Discovering subsystems at path /Applications/Unity/Hub/Editor/2021.1.12f1/Unity.app/Contents/Resources/UnitySubsystems
[Subsystems] Discovering subsystems at path /Users/juangabriel/Developer/Projects/Unity/Cursos Udemy/cursos-unity-2021/Mi Primer Proyecto/Assets
GfxDevice: creating device client; threaded=0; jobified=0
2021-06-28 10:15:47.389 Unity[25475:4676717] NP-M403H preferred device: AMD Radeon Pro 560X (high power)
2021-06-28 10:15:47.389 Unity[25475:4676717] Metal devices available: 2
2021-06-28 10:15:47.389 Unity[25475:4676717] 0: AMD Radeon Pro 560X (high power)
2021-06-28 10:15:47.389 Unity[25475:4676717] 1: Intel(R) UHD Graphics 630 (low power)
2021-06-28 10:15:47.389 Unity[25475:4676717] Forcing user selected device: AMD Radeon Pro 560X (high power)
Initializing Metal device caps: AMD Radeon Pro 560X
Initialize mono
Mono path[0] = '/Applications/Unity/Hub/Editor/2021.1.12f1/Unity.app/Contents/Managed'
Mono path[1] = '/Applications/Unity/Hub/Editor/2021.1.12f1/Unity.app/Contents/MonoBleedingEdge/lib/mono/unityjit'
Mono config path = '/Applications/Unity/Hub/Editor/2021.1.12f1/Unity.app/Contents/MonoBleedingEdge/etc'
Using monoOptions --debugger-agent=transport=dt_socket,embedding=1,server=y,suspend=n,address=127.0.0.1:56475
Begin MonoManager ReloadAssembly
Registering precompiled unity dll's ...
Register platform support module: /Applications/Unity/Hub/Editor/2021.1.12f1/Unity.app/Contents/PlaybackEngines/MacStandaloneSupport/UnityEditor.OSXStandalone.Extensions.dll
Registered in 0.000682 seconds.
Native extension for OSXStandalone target not found
Refreshing native plugins compatible for Editor in 82.23 ms, found 2 plugins.
Preloading 0 native plugins for Editor in 0.00 ms.
Mono: successfully reloaded assembly
- Completed reload, in  3.173 seconds
Domain Reload Profiling:
	ReloadAssembly (3173ms)
		BeginReloadAssembly (61ms)
			ExecutionOrderSort (0ms)
			DisableScriptedObjects (0ms)
			BackupInstance (0ms)
			ReleaseScriptingObjects (0ms)
			CreateAndSetChildDomain (1ms)
		EndReloadAssembly (619ms)
			LoadAssemblies (60ms)
			RebuildTransferFunctionScriptingTraits (0ms)
			SetupTypeCache (244ms)
			ReleaseScriptCaches (0ms)
			RebuildScriptCaches (46ms)
			SetupLoadedEditorAssemblies (274ms)
				LogAssemblyErrors (0ms)
				InitializePlatformSupportModulesInManaged (7ms)
				SetLoadedEditorAssemblies (1ms)
				RefreshPlugins (82ms)
				BeforeProcessingInitializeOnLoad (2ms)
				ProcessInitializeOnLoadAttributes (142ms)
				ProcessInitializeOnLoadMethodAttributes (40ms)
				AfterProcessingInitializeOnLoad (0ms)
				EditorAssembliesLoaded (0ms)
			ExecutionOrderSort2 (0ms)
			AwakeInstancesAfterBackupRestoration (0ms)
Platform modules already initialized, skipping
Registering precompiled user dll's ...
Registered in 0.002409 seconds.
Begin MonoManager ReloadAssembly
Symbol file LoadedFromMemory doesn't match image /Users/juangabriel/Developer/Projects/Unity/Cursos Udemy/cursos-unity-2021/Mi Primer Proyecto/Library/PackageCache/com.unity.visualscripting@1.6.1/Editor/VisualScripting.Core/Dependencies/YamlDotNet/Unity.VisualScripting.YamlDotNet.dll
Symbol file LoadedFromMemory doesn't match image /Users/juangabriel/Developer/Projects/Unity/Cursos Udemy/cursos-unity-2021/Mi Primer Proyecto/Library/PackageCache/com.unity.visualscripting@1.6.1/Editor/VisualScripting.Core/Dependencies/DotNetZip/Unity.VisualScripting.IonicZip.dll
Native extension for OSXStandalone target not found
Refreshing native plugins compatible for Editor in 0.56 ms, found 2 plugins.
Preloading 0 native plugins for Editor in 0.00 ms.
Mono: successfully reloaded assembly
- Completed reload, in  1.462 seconds
Domain Reload Profiling:
	ReloadAssembly (1463ms)
		BeginReloadAssembly (199ms)
			ExecutionOrderSort (0ms)
			DisableScriptedObjects (5ms)
			BackupInstance (0ms)
			ReleaseScriptingObjects (0ms)
			CreateAndSetChildDomain (42ms)
		EndReloadAssembly (1182ms)
			LoadAssemblies (98ms)
			RebuildTransferFunctionScriptingTraits (0ms)
			SetupTypeCache (491ms)
			ReleaseScriptCaches (1ms)
			RebuildScriptCaches (77ms)
			SetupLoadedEditorAssemblies (379ms)
				LogAssemblyErrors (0ms)
				InitializePlatformSupportModulesInManaged (5ms)
				SetLoadedEditorAssemblies (0ms)
				RefreshPlugins (1ms)
				BeforeProcessingInitializeOnLoad (66ms)
				ProcessInitializeOnLoadAttributes (301ms)
				ProcessInitializeOnLoadMethodAttributes (6ms)
				AfterProcessingInitializeOnLoad (1ms)
				EditorAssembliesLoaded (0ms)
			ExecutionOrderSort2 (0ms)
			AwakeInstancesAfterBackupRestoration (10ms)
Platform modules already initialized, skipping
========================================================================
Worker process is ready to serve import requests
Launching external process: /Applications/Unity/Hub/Editor/2021.1.12f1/Unity.app/Contents/Tools/UnityShaderCompiler
Launched and connected shader compiler UnityShaderCompiler after 0.02 seconds
Refreshing native plugins compatible for Editor in 0.67 ms, found 2 plugins.
Preloading 0 native plugins for Editor in 0.00 ms.
Unloading 2941 Unused Serialized files (Serialized files now loaded: 0)
System memory in use before: 192.8 MB.
System memory in use after: 193.0 MB.

Unloading 23 unused Assets to reduce memory usage. Loaded Objects now: 3385.
Total: 2.262956 ms (FindLiveObjects: 0.220599 ms CreateObjectMapping: 0.116335 ms MarkObjects: 1.860519 ms  DeleteObjects: 0.064703 ms)

AssetImportParameters requested are different than current active one (requested -> active):
  custom:video-decoder-ogg-theora: a1e56fd34408186e4bbccfd4996cb3dc -> 
  custom:container-muxer-webm: aa71ff27fc2769a1b78a27578f13a17b -> 
  custom:container-demuxer-webm: 4f35f7cbe854078d1ac9338744f61a02 -> 
  custom:container-demuxer-ogg: 62fdf1f143b41e24485cea50d1cbac27 -> 
  custom:video-encoder-webm-vp8: eb34c28f22e8b96e1ab97ce403110664 -> 
  custom:framework-osx-AVFoundation: e770b220cccbd017edd2c1fefb359320 -> 
  custom:video-decoder-webm-vp8: 9c59270c3fd7afecdb556c50c9e8de78 -> 
  custom:audio-decoder-ogg-vorbis: bf7c407c2cedff20999df2af8eb42d56 -> 
  custom:audio-encoder-webm-vorbis: bf7c407c2cedff20999df2af8eb42d56 -> 
========================================================================
Received Import Request.
  path: Assets/Scenes
  artifactKey: Guid(200d5e56ef523401bb5bd69a32302aa9) Importer(815301076,1909f56bfc062723c751e8b465ee728b)
Start importing Assets/Scenes using Guid(200d5e56ef523401bb5bd69a32302aa9) Importer(815301076,1909f56bfc062723c751e8b465ee728b)  -> (artifact id: 'a15e2fa52defe556cb19f719c7ee19f0') in 0.006112 seconds 
========================================================================
Received Import Request.
  Time since last request: 17.523885 seconds.
  path: Assets
  artifactKey: Guid(00000000000000001000000000000000) Importer(815301076,1909f56bfc062723c751e8b465ee728b)
Start importing Assets using Guid(00000000000000001000000000000000) Importer(815301076,1909f56bfc062723c751e8b465ee728b)  -> (artifact id: '42d402b061de3733987d63b9cc3b64de') in 0.002704 seconds 
========================================================================
Received Import Request.
  Time since last request: 526.547043 seconds.
  path: Assets/MiPirmerScript.cs
  artifactKey: Guid(c7068efb68e2843d0a17ac3d772ffd8b) Importer(815301076,1909f56bfc062723c751e8b465ee728b)
Start importing Assets/MiPirmerScript.cs using Guid(c7068efb68e2843d0a17ac3d772ffd8b) Importer(815301076,1909f56bfc062723c751e8b465ee728b)  -> (artifact id: '9affa6e2f0fcbfc7469b1817bb450318') in 0.379572 seconds 
========================================================================
Received Prepare
Registering precompiled user dll's ...
Registered in 0.003436 seconds.
Begin MonoManager ReloadAssembly
Symbol file LoadedFromMemory doesn't match image /Users/juangabriel/Developer/Projects/Unity/Cursos Udemy/cursos-unity-2021/Mi Primer Proyecto/Library/PackageCache/com.unity.visualscripting@1.6.1/Editor/VisualScripting.Core/Dependencies/YamlDotNet/Unity.VisualScripting.YamlDotNet.dll
Symbol file LoadedFromMemory doesn't match image /Users/juangabriel/Developer/Projects/Unity/Cursos Udemy/cursos-unity-2021/Mi Primer Proyecto/Library/PackageCache/com.unity.visualscripting@1.6.1/Editor/VisualScripting.Core/Dependencies/DotNetZip/Unity.VisualScripting.IonicZip.dll
Native extension for OSXStandalone target not found
Refreshing native plugins compatible for Editor in 0.58 ms, found 2 plugins.
Preloading 0 native plugins for Editor in 0.00 ms.
Mono: successfully reloaded assembly
- Completed reload, in  1.505 seconds
Domain Reload Profiling:
	ReloadAssembly (1505ms)
		BeginReloadAssembly (166ms)
			ExecutionOrderSort (0ms)
			DisableScriptedObjects (6ms)
			BackupInstance (0ms)
			ReleaseScriptingObjects (0ms)
			CreateAndSetChildDomain (83ms)
		EndReloadAssembly (1247ms)
			LoadAssemblies (100ms)
			RebuildTransferFunctionScriptingTraits (0ms)
			SetupTypeCache (531ms)
			ReleaseScriptCaches (1ms)
			RebuildScriptCaches (66ms)
			SetupLoadedEditorAssemblies (395ms)
				LogAssemblyErrors (0ms)
				InitializePlatformSupportModulesInManaged (8ms)
				SetLoadedEditorAssemblies (1ms)
				RefreshPlugins (1ms)
				BeforeProcessingInitializeOnLoad (56ms)
				ProcessInitializeOnLoadAttributes (322ms)
				ProcessInitializeOnLoadMethodAttributes (6ms)
				AfterProcessingInitializeOnLoad (2ms)
				EditorAssembliesLoaded (0ms)
			ExecutionOrderSort2 (0ms)
			AwakeInstancesAfterBackupRestoration (11ms)
Platform modules already initialized, skipping
Refreshing native plugins compatible for Editor in 1.68 ms, found 2 plugins.
Preloading 0 native plugins for Editor in 0.00 ms.
Unloading 2937 Unused Serialized files (Serialized files now loaded: 0)
System memory in use before: 197.3 MB.
System memory in use after: 197.5 MB.

Unloading 18 unused Assets to reduce memory usage. Loaded Objects now: 3389.
Total: 2.586317 ms (FindLiveObjects: 0.252857 ms CreateObjectMapping: 0.115007 ms MarkObjects: 2.171856 ms  DeleteObjects: 0.045767 ms)

AssetImportParameters requested are different than current active one (requested -> active):
  custom:video-decoder-ogg-theora: a1e56fd34408186e4bbccfd4996cb3dc -> 
  custom:container-muxer-webm: aa71ff27fc2769a1b78a27578f13a17b -> 
  custom:container-demuxer-webm: 4f35f7cbe854078d1ac9338744f61a02 -> 
  custom:container-demuxer-ogg: 62fdf1f143b41e24485cea50d1cbac27 -> 
  custom:video-encoder-webm-vp8: eb34c28f22e8b96e1ab97ce403110664 -> 
  custom:framework-osx-AVFoundation: e770b220cccbd017edd2c1fefb359320 -> 
  custom:video-decoder-webm-vp8: 9c59270c3fd7afecdb556c50c9e8de78 -> 
  custom:audio-decoder-ogg-vorbis: bf7c407c2cedff20999df2af8eb42d56 -> 
  custom:audio-encoder-webm-vorbis: bf7c407c2cedff20999df2af8eb42d56 -> 
========================================================================
Received Prepare
Registering precompiled user dll's ...
Registered in 0.005496 seconds.
Begin MonoManager ReloadAssembly
Symbol file LoadedFromMemory doesn't match image /Users/juangabriel/Developer/Projects/Unity/Cursos Udemy/cursos-unity-2021/Mi Primer Proyecto/Library/PackageCache/com.unity.visualscripting@1.6.1/Editor/VisualScripting.Core/Dependencies/YamlDotNet/Unity.VisualScripting.YamlDotNet.dll
Symbol file LoadedFromMemory doesn't match image /Users/juangabriel/Developer/Projects/Unity/Cursos Udemy/cursos-unity-2021/Mi Primer Proyecto/Library/PackageCache/com.unity.visualscripting@1.6.1/Editor/VisualScripting.Core/Dependencies/DotNetZip/Unity.VisualScripting.IonicZip.dll
Native extension for OSXStandalone target not found
Refreshing native plugins compatible for Editor in 1.03 ms, found 2 plugins.
Preloading 0 native plugins for Editor in 0.00 ms.
Mono: successfully reloaded assembly
- Completed reload, in  2.135 seconds
Domain Reload Profiling:
	ReloadAssembly (2136ms)
		BeginReloadAssembly (220ms)
			ExecutionOrderSort (0ms)
			DisableScriptedObjects (12ms)
			BackupInstance (0ms)
			ReleaseScriptingObjects (0ms)
			CreateAndSetChildDomain (102ms)
		EndReloadAssembly (1791ms)
			LoadAssemblies (165ms)
			RebuildTransferFunctionScriptingTraits (0ms)
			SetupTypeCache (724ms)
			ReleaseScriptCaches (2ms)
			RebuildScriptCaches (98ms)
			SetupLoadedEditorAssemblies (590ms)
				LogAssemblyErrors (0ms)
				InitializePlatformSupportModulesInManaged (18ms)
				SetLoadedEditorAssemblies (2ms)
				RefreshPlugins (1ms)
				BeforeProcessingInitializeOnLoad (106ms)
				ProcessInitializeOnLoadAttributes (447ms)
				ProcessInitializeOnLoadMethodAttributes (12ms)
				AfterProcessingInitializeOnLoad (2ms)
				EditorAssembliesLoaded (0ms)
			ExecutionOrderSort2 (0ms)
			AwakeInstancesAfterBackupRestoration (13ms)
Platform modules already initialized, skipping
Refreshing native plugins compatible for Editor in 0.63 ms, found 2 plugins.
Preloading 0 native plugins for Editor in 0.00 ms.
Unloading 2937 Unused Serialized files (Serialized files now loaded: 0)
System memory in use before: 197.7 MB.
System memory in use after: 197.9 MB.

Unloading 18 unused Assets to reduce memory usage. Loaded Objects now: 3392.
Total: 2.753155 ms (FindLiveObjects: 0.245825 ms CreateObjectMapping: 0.155702 ms MarkObjects: 2.295890 ms  DeleteObjects: 0.054633 ms)

AssetImportParameters requested are different than current active one (requested -> active):
  custom:video-decoder-ogg-theora: a1e56fd34408186e4bbccfd4996cb3dc -> 
  custom:container-muxer-webm: aa71ff27fc2769a1b78a27578f13a17b -> 
  custom:container-demuxer-webm: 4f35f7cbe854078d1ac9338744f61a02 -> 
  custom:container-demuxer-ogg: 62fdf1f143b41e24485cea50d1cbac27 -> 
  custom:video-encoder-webm-vp8: eb34c28f22e8b96e1ab97ce403110664 -> 
  custom:framework-osx-AVFoundation: e770b220cccbd017edd2c1fefb359320 -> 
  custom:video-decoder-webm-vp8: 9c59270c3fd7afecdb556c50c9e8de78 -> 
  custom:audio-decoder-ogg-vorbis: bf7c407c2cedff20999df2af8eb42d56 -> 
  custom:audio-encoder-webm-vorbis: bf7c407c2cedff20999df2af8eb42d56 -> 
========================================================================
Received Import Request.
  Time since last request: 59.395605 seconds.
  path: Assets/MiPirmerScript.cs
  artifactKey: Guid(c7068efb68e2843d0a17ac3d772ffd8b) Importer(815301076,1909f56bfc062723c751e8b465ee728b)
Start importing Assets/MiPirmerScript.cs using Guid(c7068efb68e2843d0a17ac3d772ffd8b) Importer(815301076,1909f56bfc062723c751e8b465ee728b)  -> (artifact id: '308103273fee3a7bd60f78752b367fff') in 0.006988 seconds 
========================================================================
Received Prepare
Registering precompiled user dll's ...
Registered in 0.004587 seconds.
Begin MonoManager ReloadAssembly
Symbol file LoadedFromMemory doesn't match image /Users/juangabriel/Developer/Projects/Unity/Cursos Udemy/cursos-unity-2021/Mi Primer Proyecto/Library/PackageCache/com.unity.visualscripting@1.6.1/Editor/VisualScripting.Core/Dependencies/YamlDotNet/Unity.VisualScripting.YamlDotNet.dll
Symbol file LoadedFromMemory doesn't match image /Users/juangabriel/Developer/Projects/Unity/Cursos Udemy/cursos-unity-2021/Mi Primer Proyecto/Library/PackageCache/com.unity.visualscripting@1.6.1/Editor/VisualScripting.Core/Dependencies/DotNetZip/Unity.VisualScripting.IonicZip.dll
Native extension for OSXStandalone target not found
Refreshing native plugins compatible for Editor in 0.98 ms, found 2 plugins.
Preloading 0 native plugins for Editor in 0.00 ms.
Mono: successfully reloaded assembly
- Completed reload, in  1.655 seconds
Domain Reload Profiling:
	ReloadAssembly (1655ms)
		BeginReloadAssembly (168ms)
			ExecutionOrderSort (0ms)
			DisableScriptedObjects (9ms)
			BackupInstance (0ms)
			ReleaseScriptingObjects (0ms)
			CreateAndSetChildDomain (83ms)
		EndReloadAssembly (1393ms)
			LoadAssemblies (100ms)
			RebuildTransferFunctionScriptingTraits (0ms)
			SetupTypeCache (588ms)
			ReleaseScriptCaches (1ms)
			RebuildScriptCaches (72ms)
			SetupLoadedEditorAssemblies (446ms)
				LogAssemblyErrors (0ms)
				InitializePlatformSupportModulesInManaged (7ms)
				SetLoadedEditorAssemblies (1ms)
				RefreshPlugins (1ms)
				BeforeProcessingInitializeOnLoad (72ms)
				ProcessInitializeOnLoadAttributes (350ms)
				ProcessInitializeOnLoadMethodAttributes (11ms)
				AfterProcessingInitializeOnLoad (4ms)
				EditorAssembliesLoaded (1ms)
			ExecutionOrderSort2 (0ms)
			AwakeInstancesAfterBackupRestoration (15ms)
Platform modules already initialized, skipping
Refreshing native plugins compatible for Editor in 0.82 ms, found 2 plugins.
Preloading 0 native plugins for Editor in 0.00 ms.
Unloading 2937 Unused Serialized files (Serialized files now loaded: 0)
System memory in use before: 197.9 MB.
System memory in use after: 198.1 MB.

Unloading 18 unused Assets to reduce memory usage. Loaded Objects now: 3395.
Total: 3.318649 ms (FindLiveObjects: 0.271654 ms CreateObjectMapping: 0.186628 ms MarkObjects: 2.786353 ms  DeleteObjects: 0.072661 ms)

AssetImportParameters requested are different than current active one (requested -> active):
  custom:video-decoder-ogg-theora: a1e56fd34408186e4bbccfd4996cb3dc -> 
  custom:container-muxer-webm: aa71ff27fc2769a1b78a27578f13a17b -> 
  custom:container-demuxer-webm: 4f35f7cbe854078d1ac9338744f61a02 -> 
  custom:container-demuxer-ogg: 62fdf1f143b41e24485cea50d1cbac27 -> 
  custom:video-encoder-webm-vp8: eb34c28f22e8b96e1ab97ce403110664 -> 
  custom:framework-osx-AVFoundation: e770b220cccbd017edd2c1fefb359320 -> 
  custom:video-decoder-webm-vp8: 9c59270c3fd7afecdb556c50c9e8de78 -> 
  custom:audio-decoder-ogg-vorbis: bf7c407c2cedff20999df2af8eb42d56 -> 
  custom:audio-encoder-webm-vorbis: bf7c407c2cedff20999df2af8eb42d56 -> 
========================================================================
Received Import Request.
  Time since last request: 30.397531 seconds.
  path: Assets/MiPirmerScript.cs
  artifactKey: Guid(c7068efb68e2843d0a17ac3d772ffd8b) Importer(815301076,1909f56bfc062723c751e8b465ee728b)
Start importing Assets/MiPirmerScript.cs using Guid(c7068efb68e2843d0a17ac3d772ffd8b) Importer(815301076,1909f56bfc062723c751e8b465ee728b)  -> (artifact id: '47e0ff7323ff4f5793a88327997f0f8a') in 0.007930 seconds 
========================================================================
Received Import Request.
  Time since last request: 8.285930 seconds.
  path: Assets/MiPirmerScript.cs
  artifactKey: Guid(c7068efb68e2843d0a17ac3d772ffd8b) Importer(815301076,1909f56bfc062723c751e8b465ee728b)
Start importing Assets/MiPirmerScript.cs using Guid(c7068efb68e2843d0a17ac3d772ffd8b) Importer(815301076,1909f56bfc062723c751e8b465ee728b)  -> (artifact id: '831bab0def8581580c68c39dd969da98') in 0.003442 seconds 
========================================================================
Received Import Request.
  Time since last request: 6.115259 seconds.
  path: Assets/MiPirmerScript.cs
  artifactKey: Guid(c7068efb68e2843d0a17ac3d772ffd8b) Importer(815301076,1909f56bfc062723c751e8b465ee728b)
Start importing Assets/MiPirmerScript.cs using Guid(c7068efb68e2843d0a17ac3d772ffd8b) Importer(815301076,1909f56bfc062723c751e8b465ee728b)  -> (artifact id: '96cdb5033de242e3da416f1bf57d33b4') in 0.002999 seconds 
========================================================================
Received Prepare
Registering precompiled user dll's ...
Registered in 0.005945 seconds.
Begin MonoManager ReloadAssembly
Symbol file LoadedFromMemory doesn't match image /Users/juangabriel/Developer/Projects/Unity/Cursos Udemy/cursos-unity-2021/Mi Primer Proyecto/Library/PackageCache/com.unity.visualscripting@1.6.1/Editor/VisualScripting.Core/Dependencies/YamlDotNet/Unity.VisualScripting.YamlDotNet.dll
Symbol file LoadedFromMemory doesn't match image /Users/juangabriel/Developer/Projects/Unity/Cursos Udemy/cursos-unity-2021/Mi Primer Proyecto/Library/PackageCache/com.unity.visualscripting@1.6.1/Editor/VisualScripting.Core/Dependencies/DotNetZip/Unity.VisualScripting.IonicZip.dll
Native extension for OSXStandalone target not found
Refreshing native plugins compatible for Editor in 0.62 ms, found 2 plugins.
Preloading 0 native plugins for Editor in 0.00 ms.
Mono: successfully reloaded assembly
- Completed reload, in  1.708 seconds
Domain Reload Profiling:
	ReloadAssembly (1709ms)
		BeginReloadAssembly (202ms)
			ExecutionOrderSort (0ms)
			DisableScriptedObjects (8ms)
			BackupInstance (0ms)
			ReleaseScriptingObjects (0ms)
			CreateAndSetChildDomain (100ms)
		EndReloadAssembly (1399ms)
			LoadAssemblies (124ms)
			RebuildTransferFunctionScriptingTraits (0ms)
			SetupTypeCache (600ms)
			ReleaseScriptCaches (1ms)
			RebuildScriptCaches (74ms)
			SetupLoadedEditorAssemblies (438ms)
				LogAssemblyErrors (0ms)
				InitializePlatformSupportModulesInManaged (6ms)
				SetLoadedEditorAssemblies (1ms)
				RefreshPlugins (1ms)
				BeforeProcessingInitializeOnLoad (66ms)
				ProcessInitializeOnLoadAttributes (355ms)
				ProcessInitializeOnLoadMethodAttributes (7ms)
				AfterProcessingInitializeOnLoad (2ms)
				EditorAssembliesLoaded (0ms)
			ExecutionOrderSort2 (0ms)
			AwakeInstancesAfterBackupRestoration (12ms)
Platform modules already initialized, skipping
Refreshing native plugins compatible for Editor in 0.60 ms, found 2 plugins.
Preloading 0 native plugins for Editor in 0.00 ms.
Unloading 2937 Unused Serialized files (Serialized files now loaded: 0)
System memory in use before: 198.1 MB.
System memory in use after: 198.3 MB.

Unloading 18 unused Assets to reduce memory usage. Loaded Objects now: 3398.
Total: 2.688411 ms (FindLiveObjects: 0.341419 ms CreateObjectMapping: 0.192812 ms MarkObjects: 2.101930 ms  DeleteObjects: 0.051445 ms)

AssetImportParameters requested are different than current active one (requested -> active):
  custom:video-decoder-ogg-theora: a1e56fd34408186e4bbccfd4996cb3dc -> 
  custom:container-muxer-webm: aa71ff27fc2769a1b78a27578f13a17b -> 
  custom:container-demuxer-webm: 4f35f7cbe854078d1ac9338744f61a02 -> 
  custom:container-demuxer-ogg: 62fdf1f143b41e24485cea50d1cbac27 -> 
  custom:video-encoder-webm-vp8: eb34c28f22e8b96e1ab97ce403110664 -> 
  custom:framework-osx-AVFoundation: e770b220cccbd017edd2c1fefb359320 -> 
  custom:video-decoder-webm-vp8: 9c59270c3fd7afecdb556c50c9e8de78 -> 
  custom:audio-decoder-ogg-vorbis: bf7c407c2cedff20999df2af8eb42d56 -> 
  custom:audio-encoder-webm-vorbis: bf7c407c2cedff20999df2af8eb42d56 -> 
========================================================================
Received Import Request.
  Time since last request: 1916.728244 seconds.
  path: Assets/Brick.prefab
  artifactKey: Guid(805091051808f48ce8dedae7d2d12deb) Importer(815301076,1909f56bfc062723c751e8b465ee728b)
Start importing Assets/Brick.prefab using Guid(805091051808f48ce8dedae7d2d12deb) Importer(815301076,1909f56bfc062723c751e8b465ee728b)  -> (artifact id: 'd7c4f100ef9f3dd146b766fa0bd529c6') in 2.146235 seconds 
========================================================================
Received Import Request.
  Time since last request: 86.731459 seconds.
  path: Assets/Primer Material.mat
  artifactKey: Guid(4fc0570a6769c48318e90548e1607199) Importer(815301076,1909f56bfc062723c751e8b465ee728b)
Start importing Assets/Primer Material.mat using Guid(4fc0570a6769c48318e90548e1607199) Importer(815301076,1909f56bfc062723c751e8b465ee728b)  -> (artifact id: '78b50747b950af4c14261c37566991f0') in 0.512635 seconds 
========================================================================
Received Import Request.
  Time since last request: 9.824564 seconds.
  path: Assets/Brick.prefab
  artifactKey: Guid(805091051808f48ce8dedae7d2d12deb) Importer(815301076,1909f56bfc062723c751e8b465ee728b)
Start importing Assets/Brick.prefab using Guid(805091051808f48ce8dedae7d2d12deb) Importer(815301076,1909f56bfc062723c751e8b465ee728b)  -> (artifact id: '7cf0e0f3f8d913f0eb7757a9f4f643cd') in 0.008754 seconds 
========================================================================
Received Import Request.
  Time since last request: 1.624734 seconds.
  path: Assets/Brick.prefab
  artifactKey: Guid(805091051808f48ce8dedae7d2d12deb) Importer(815301076,1909f56bfc062723c751e8b465ee728b)
Start importing Assets/Brick.prefab using Guid(805091051808f48ce8dedae7d2d12deb) Importer(815301076,1909f56bfc062723c751e8b465ee728b)  -> (artifact id: '709e567afd815826904396c67d21ac58') in 0.013121 seconds 
========================================================================
Received Import Request.
  Time since last request: 1.779670 seconds.
  path: Assets/Brick.prefab
  artifactKey: Guid(805091051808f48ce8dedae7d2d12deb) Importer(815301076,1909f56bfc062723c751e8b465ee728b)
Start importing Assets/Brick.prefab using Guid(805091051808f48ce8dedae7d2d12deb) Importer(815301076,1909f56bfc062723c751e8b465ee728b)  -> (artifact id: '3b3609fef6b4e189f23a9b7432a1f35c') in 0.015101 seconds 
========================================================================
Received Import Request.
  Time since last request: 1.385250 seconds.
  path: Assets/Brick.prefab
  artifactKey: Guid(805091051808f48ce8dedae7d2d12deb) Importer(815301076,1909f56bfc062723c751e8b465ee728b)
Start importing Assets/Brick.prefab using Guid(805091051808f48ce8dedae7d2d12deb) Importer(815301076,1909f56bfc062723c751e8b465ee728b)  -> (artifact id: '988c472fa11e4cb85d8da9682c4ea80b') in 0.009058 seconds 
========================================================================
Received Prepare
Registering precompiled user dll's ...
Registered in 0.012394 seconds.
Begin MonoManager ReloadAssembly
Symbol file LoadedFromMemory doesn't match image /Users/juangabriel/Developer/Projects/Unity/Cursos Udemy/cursos-unity-2021/Mi Primer Proyecto/Library/PackageCache/com.unity.visualscripting@1.6.1/Editor/VisualScripting.Core/Dependencies/YamlDotNet/Unity.VisualScripting.YamlDotNet.dll
Symbol file LoadedFromMemory doesn't match image /Users/juangabriel/Developer/Projects/Unity/Cursos Udemy/cursos-unity-2021/Mi Primer Proyecto/Library/PackageCache/com.unity.visualscripting@1.6.1/Editor/VisualScripting.Core/Dependencies/DotNetZip/Unity.VisualScripting.IonicZip.dll
Native extension for OSXStandalone target not found
Refreshing native plugins compatible for Editor in 0.60 ms, found 2 plugins.
Preloading 0 native plugins for Editor in 0.00 ms.
Mono: successfully reloaded assembly
- Completed reload, in  1.503 seconds
Domain Reload Profiling:
	ReloadAssembly (1503ms)
		BeginReloadAssembly (168ms)
			ExecutionOrderSort (0ms)
			DisableScriptedObjects (6ms)
			BackupInstance (0ms)
			ReleaseScriptingObjects (0ms)
			CreateAndSetChildDomain (79ms)
		EndReloadAssembly (1247ms)
			LoadAssemblies (121ms)
			RebuildTransferFunctionScriptingTraits (0ms)
			SetupTypeCache (518ms)
			ReleaseScriptCaches (1ms)
			RebuildScriptCaches (66ms)
			SetupLoadedEditorAssemblies (375ms)
				LogAssemblyErrors (0ms)
				InitializePlatformSupportModulesInManaged (7ms)
				SetLoadedEditorAssemblies (1ms)
				RefreshPlugins (1ms)
				BeforeProcessingInitializeOnLoad (54ms)
				ProcessInitializeOnLoadAttributes (305ms)
				ProcessInitializeOnLoadMethodAttributes (6ms)
				AfterProcessingInitializeOnLoad (2ms)
				EditorAssembliesLoaded (0ms)
			ExecutionOrderSort2 (0ms)
			AwakeInstancesAfterBackupRestoration (10ms)
Platform modules already initialized, skipping
Refreshing native plugins compatible for Editor in 0.68 ms, found 2 plugins.
Preloading 0 native plugins for Editor in 0.00 ms.
Unloading 2937 Unused Serialized files (Serialized files now loaded: 0)
System memory in use before: 211.0 MB.
System memory in use after: 211.3 MB.

Unloading 19 unused Assets to reduce memory usage. Loaded Objects now: 3442.
Total: 2.742063 ms (FindLiveObjects: 0.277017 ms CreateObjectMapping: 0.140381 ms MarkObjects: 2.269411 ms  DeleteObjects: 0.054317 ms)

AssetImportParameters requested are different than current active one (requested -> active):
  custom:video-decoder-ogg-theora: a1e56fd34408186e4bbccfd4996cb3dc -> 
  custom:container-muxer-webm: aa71ff27fc2769a1b78a27578f13a17b -> 
  custom:container-demuxer-webm: 4f35f7cbe854078d1ac9338744f61a02 -> 
  custom:container-demuxer-ogg: 62fdf1f143b41e24485cea50d1cbac27 -> 
  custom:video-encoder-webm-vp8: eb34c28f22e8b96e1ab97ce403110664 -> 
  custom:framework-osx-AVFoundation: e770b220cccbd017edd2c1fefb359320 -> 
  custom:video-decoder-webm-vp8: 9c59270c3fd7afecdb556c50c9e8de78 -> 
  custom:audio-decoder-ogg-vorbis: bf7c407c2cedff20999df2af8eb42d56 -> 
  custom:audio-encoder-webm-vorbis: bf7c407c2cedff20999df2af8eb42d56 -> 
